<?xml version="1.0" encoding="UTF-8"?>
<!-- Generated by org.testng.reporters.JUnitReportReporter -->
<testsuite hostname="muthal" name="Structured.DataPattern.HomePage" tests="2" failures="0" timestamp="9 Mar 2021 10:41:17 GMT" time="12.145" errors="0">
  <testcase name="baseNavigation" time="10.706" classname="Structured.DataPattern.HomePage"/>
  <testcase name="baseNavigation" time="1.439" classname="Structured.DataPattern.HomePage"/>
</testsuite> <!-- Structured.DataPattern.HomePage -->
