<?xml version="1.0" encoding="UTF-8"?>
<!-- Generated by org.testng.reporters.JUnitReportReporter -->
<testsuite hostname="muthal" name="Structured.DataPattern.validateNavigation" tests="1" failures="0" timestamp="9 Mar 2021 10:41:18 GMT" time="0.177" errors="0">
  <testcase name="validateAppTitle" time="0.177" classname="Structured.DataPattern.validateNavigation"/>
</testsuite> <!-- Structured.DataPattern.validateNavigation -->
