<?xml version="1.0" encoding="UTF-8"?>
<!-- Generated by org.testng.reporters.JUnitReportReporter -->
<testsuite hostname="muthal" name="Structured.DataPattern.AmazonHomeTest" tests="1" failures="0" timestamp="9 Mar 2021 10:41:17 GMT" time="20.320" errors="0">
  <testcase name="AmazonHomePage" time="20.320" classname="Structured.DataPattern.AmazonHomeTest"/>
</testsuite> <!-- Structured.DataPattern.AmazonHomeTest -->
