<?xml version="1.0" encoding="UTF-8"?>
<!-- Generated by org.testng.reporters.JUnitReportReporter -->
<testsuite hostname="muthal" name="Structured.DataPattern.validateTitle" tests="1" failures="0" timestamp="9 Mar 2021 10:41:18 GMT" time="0.340" errors="0">
  <testcase name="validation" time="0.340" classname="Structured.DataPattern.validateTitle"/>
</testsuite> <!-- Structured.DataPattern.validateTitle -->
