<?xml version="1.0" encoding="UTF-8"?>
<!-- Generated by org.testng.reporters.JUnitReportReporter -->
<testsuite skipped="0" hostname="muthal" name="Structured.DataPattern.AmazonHome" tests="1" failures="0" timestamp="08 Mar 2021 10:32:46 GMT" time="9.511" errors="0">
  <testcase name="AmazonHomePage" time="9.511" classname="Structured.DataPattern.AmazonHome"/>
</testsuite> <!-- Structured.DataPattern.AmazonHome -->
