<?xml version="1.0" encoding="UTF-8"?>
<!-- Generated by org.testng.reporters.JUnitReportReporter -->
<testsuite skipped="0" hostname="muthal" name="Structured.DataPattern.AmazonHomeTest" tests="1" failures="0" timestamp="09 Mar 2021 10:31:20 GMT" time="6.985" errors="0">
  <testcase name="AmazonHomePage" time="6.985" classname="Structured.DataPattern.AmazonHomeTest"/>
</testsuite> <!-- Structured.DataPattern.AmazonHomeTest -->
