<?xml version="1.0" encoding="UTF-8"?>
<!-- Generated by org.testng.reporters.JUnitReportReporter -->
<testsuite skipped="0" hostname="muthal" name="Structured.DataPattern.validateNavigation" tests="1" failures="0" timestamp="09 Mar 2021 10:31:20 GMT" time="0.160" errors="0">
  <testcase name="validateAppTitle" time="0.160" classname="Structured.DataPattern.validateNavigation"/>
</testsuite> <!-- Structured.DataPattern.validateNavigation -->
