<?xml version="1.0" encoding="UTF-8"?>
<!-- Generated by org.testng.reporters.JUnitReportReporter -->
<testsuite skipped="0" hostname="muthal" name="Structured.DataPattern.HomePage" tests="2" failures="0" timestamp="09 Mar 2021 10:31:20 GMT" time="7.265" errors="0">
  <testcase name="baseNavigation" time="1.282" classname="Structured.DataPattern.HomePage"/>
  <testcase name="baseNavigation" time="5.983" classname="Structured.DataPattern.HomePage"/>
</testsuite> <!-- Structured.DataPattern.HomePage -->
